<?xml version="1.0" encoding="UTF-8"?>
<testsuites>
  <testsuite name="/home/elk/code/dbwebb-kurser/mvc/me/report/phpunit.xml" tests="75" assertions="139" errors="0" failures="0" skipped="0" time="0.851409">
    <testsuite name="all" tests="75" assertions="139" errors="0" failures="0" skipped="0" time="0.851409">
      <testsuite name="App\Tests\Controller\AboutControllerTest" file="/home/elk/code/dbwebb-kurser/mvc/me/report/tests/Controller/AboutControllerTest.php" tests="1" assertions="1" errors="0" failures="0" skipped="0" time="0.173220">
        <testcase name="testAboutRoute" file="/home/elk/code/dbwebb-kurser/mvc/me/report/tests/Controller/AboutControllerTest.php" line="9" class="App\Tests\Controller\AboutControllerTest" classname="App.Tests.Controller.AboutControllerTest" assertions="1" time="0.173220"/>
      </testsuite>
      <testsuite name="App\Tests\Controller\ApiControllerTest" file="/home/elk/code/dbwebb-kurser/mvc/me/report/tests/Controller/ApiControllerTest.php" tests="1" assertions="1" errors="0" failures="0" skipped="0" time="0.025366">
        <testcase name="testApiLanding" file="/home/elk/code/dbwebb-kurser/mvc/me/report/tests/Controller/ApiControllerTest.php" line="9" class="App\Tests\Controller\ApiControllerTest" classname="App.Tests.Controller.ApiControllerTest" assertions="1" time="0.025366"/>
      </testsuite>
      <testsuite name="App\Tests\Controller\ApiDeckControllerTest" file="/home/elk/code/dbwebb-kurser/mvc/me/report/tests/Controller/ApiDeckControllerTest.php" tests="4" assertions="10" errors="0" failures="0" skipped="0" time="0.080904">
        <testcase name="testApiDeckSorted" file="/home/elk/code/dbwebb-kurser/mvc/me/report/tests/Controller/ApiDeckControllerTest.php" line="9" class="App\Tests\Controller\ApiDeckControllerTest" classname="App.Tests.Controller.ApiDeckControllerTest" assertions="2" time="0.017246"/>
        <testcase name="testApiDeckShuffle" file="/home/elk/code/dbwebb-kurser/mvc/me/report/tests/Controller/ApiDeckControllerTest.php" line="17" class="App\Tests\Controller\ApiDeckControllerTest" classname="App.Tests.Controller.ApiDeckControllerTest" assertions="2" time="0.021241"/>
        <testcase name="testApiDeckDrawDefaultAndNumber" file="/home/elk/code/dbwebb-kurser/mvc/me/report/tests/Controller/ApiDeckControllerTest.php" line="27" class="App\Tests\Controller\ApiDeckControllerTest" classname="App.Tests.Controller.ApiDeckControllerTest" assertions="4" time="0.031348"/>
        <testcase name="testApiDeckReset" file="/home/elk/code/dbwebb-kurser/mvc/me/report/tests/Controller/ApiDeckControllerTest.php" line="41" class="App\Tests\Controller\ApiDeckControllerTest" classname="App.Tests.Controller.ApiDeckControllerTest" assertions="2" time="0.011068"/>
      </testsuite>
      <testsuite name="App\Tests\Controller\CardControllerTest" file="/home/elk/code/dbwebb-kurser/mvc/me/report/tests/Controller/CardControllerTest.php" tests="7" assertions="7" errors="0" failures="0" skipped="0" time="0.222690">
        <testcase name="testCardLanding" file="/home/elk/code/dbwebb-kurser/mvc/me/report/tests/Controller/CardControllerTest.php" line="9" class="App\Tests\Controller\CardControllerTest" classname="App.Tests.Controller.CardControllerTest" assertions="1" time="0.024806"/>
        <testcase name="testCardDeckSort" file="/home/elk/code/dbwebb-kurser/mvc/me/report/tests/Controller/CardControllerTest.php" line="16" class="App\Tests\Controller\CardControllerTest" classname="App.Tests.Controller.CardControllerTest" assertions="1" time="0.025159"/>
        <testcase name="testCardDeckShuffle" file="/home/elk/code/dbwebb-kurser/mvc/me/report/tests/Controller/CardControllerTest.php" line="23" class="App\Tests\Controller\CardControllerTest" classname="App.Tests.Controller.CardControllerTest" assertions="1" time="0.041161"/>
        <testcase name="testCardDeckDrawOne" file="/home/elk/code/dbwebb-kurser/mvc/me/report/tests/Controller/CardControllerTest.php" line="32" class="App\Tests\Controller\CardControllerTest" classname="App.Tests.Controller.CardControllerTest" assertions="1" time="0.045261"/>
        <testcase name="testCardDeckDrawNumValid" file="/home/elk/code/dbwebb-kurser/mvc/me/report/tests/Controller/CardControllerTest.php" line="41" class="App\Tests\Controller\CardControllerTest" classname="App.Tests.Controller.CardControllerTest" assertions="1" time="0.041776"/>
        <testcase name="testCardDeckDrawNumInvalid" file="/home/elk/code/dbwebb-kurser/mvc/me/report/tests/Controller/CardControllerTest.php" line="50" class="App\Tests\Controller\CardControllerTest" classname="App.Tests.Controller.CardControllerTest" assertions="1" time="0.033101"/>
        <testcase name="testCardDeckReset" file="/home/elk/code/dbwebb-kurser/mvc/me/report/tests/Controller/CardControllerTest.php" line="58" class="App\Tests\Controller\CardControllerTest" classname="App.Tests.Controller.CardControllerTest" assertions="1" time="0.011425"/>
      </testsuite>
      <testsuite name="App\Tests\Controller\GameControllerTest" file="/home/elk/code/dbwebb-kurser/mvc/me/report/tests/Controller/GameControllerTest.php" tests="2" assertions="8" errors="0" failures="0" skipped="0" time="0.120530">
        <testcase name="testGameLandingAndDoc" file="/home/elk/code/dbwebb-kurser/mvc/me/report/tests/Controller/GameControllerTest.php" line="9" class="App\Tests\Controller\GameControllerTest" classname="App.Tests.Controller.GameControllerTest" assertions="2" time="0.037517"/>
        <testcase name="testGameLifecycle" file="/home/elk/code/dbwebb-kurser/mvc/me/report/tests/Controller/GameControllerTest.php" line="18" class="App\Tests\Controller\GameControllerTest" classname="App.Tests.Controller.GameControllerTest" assertions="6" time="0.083012"/>
      </testsuite>
      <testsuite name="App\Tests\Controller\IndexControllerTest" file="/home/elk/code/dbwebb-kurser/mvc/me/report/tests/Controller/IndexControllerTest.php" tests="1" assertions="1" errors="0" failures="0" skipped="0" time="0.021659">
        <testcase name="testIndexRoute" file="/home/elk/code/dbwebb-kurser/mvc/me/report/tests/Controller/IndexControllerTest.php" line="9" class="App\Tests\Controller\IndexControllerTest" classname="App.Tests.Controller.IndexControllerTest" assertions="1" time="0.021659"/>
      </testsuite>
      <testsuite name="App\Tests\Controller\LuckyControllersTest" file="/home/elk/code/dbwebb-kurser/mvc/me/report/tests/Controller/LuckyControllersTest.php" tests="2" assertions="4" errors="0" failures="0" skipped="0" time="0.025336">
        <testcase name="testLuckyHtml" file="/home/elk/code/dbwebb-kurser/mvc/me/report/tests/Controller/LuckyControllersTest.php" line="9" class="App\Tests\Controller\LuckyControllersTest" classname="App.Tests.Controller.LuckyControllersTest" assertions="1" time="0.017474"/>
        <testcase name="testLuckyApiJson" file="/home/elk/code/dbwebb-kurser/mvc/me/report/tests/Controller/LuckyControllersTest.php" line="16" class="App\Tests\Controller\LuckyControllersTest" classname="App.Tests.Controller.LuckyControllersTest" assertions="3" time="0.007863"/>
      </testsuite>
      <testsuite name="App\Tests\Controller\MetricsControllerTest" file="/home/elk/code/dbwebb-kurser/mvc/me/report/tests/Controller/MetricsControllerTest.php" tests="1" assertions="1" errors="0" failures="0" skipped="0" time="0.024605">
        <testcase name="testMetricsRoute" file="/home/elk/code/dbwebb-kurser/mvc/me/report/tests/Controller/MetricsControllerTest.php" line="9" class="App\Tests\Controller\MetricsControllerTest" classname="App.Tests.Controller.MetricsControllerTest" assertions="1" time="0.024605"/>
      </testsuite>
      <testsuite name="App\Tests\Controller\QuoteControllerJsonTest" file="/home/elk/code/dbwebb-kurser/mvc/me/report/tests/Controller/QuoteControllerJsonTest.php" tests="1" assertions="3" errors="0" failures="0" skipped="0" time="0.008522">
        <testcase name="testQuoteApi" file="/home/elk/code/dbwebb-kurser/mvc/me/report/tests/Controller/QuoteControllerJsonTest.php" line="9" class="App\Tests\Controller\QuoteControllerJsonTest" classname="App.Tests.Controller.QuoteControllerJsonTest" assertions="3" time="0.008522"/>
      </testsuite>
      <testsuite name="App\Tests\Controller\ReportControllerTest" file="/home/elk/code/dbwebb-kurser/mvc/me/report/tests/Controller/ReportControllerTest.php" tests="1" assertions="1" errors="0" failures="0" skipped="0" time="0.029714">
        <testcase name="testReportRoute" file="/home/elk/code/dbwebb-kurser/mvc/me/report/tests/Controller/ReportControllerTest.php" line="9" class="App\Tests\Controller\ReportControllerTest" classname="App.Tests.Controller.ReportControllerTest" assertions="1" time="0.029714"/>
      </testsuite>
      <testsuite name="App\Tests\Controller\SessionControllerTest" file="/home/elk/code/dbwebb-kurser/mvc/me/report/tests/Controller/SessionControllerTest.php" tests="1" assertions="2" errors="0" failures="0" skipped="0" time="0.026268">
        <testcase name="testSessionViewAndDelete" file="/home/elk/code/dbwebb-kurser/mvc/me/report/tests/Controller/SessionControllerTest.php" line="9" class="App\Tests\Controller\SessionControllerTest" classname="App.Tests.Controller.SessionControllerTest" assertions="2" time="0.026268"/>
      </testsuite>
      <testsuite name="App\Game\CardGraphicTest" file="/home/elk/code/dbwebb-kurser/mvc/me/report/tests/Game/CardGraphicTest.php" tests="1" assertions="1" errors="0" failures="0" skipped="0" time="0.001657">
        <testcase name="testCardGraphicGetUnicodeCardIsFaceDown" file="/home/elk/code/dbwebb-kurser/mvc/me/report/tests/Game/CardGraphicTest.php" line="17" class="App\Game\CardGraphicTest" classname="App.Game.CardGraphicTest" assertions="1" time="0.001657"/>
      </testsuite>
      <testsuite name="App\Game\CardHandTest" file="/home/elk/code/dbwebb-kurser/mvc/me/report/tests/Game/CardHandTest.php" tests="10" assertions="21" errors="0" failures="0" skipped="0" time="0.013297">
        <testcase name="testCardHandNoArgsIsEmptyArray" file="/home/elk/code/dbwebb-kurser/mvc/me/report/tests/Game/CardHandTest.php" line="9" class="App\Game\CardHandTest" classname="App.Game.CardHandTest" assertions="1" time="0.001362"/>
        <testcase name="testCardHandAddCard" file="/home/elk/code/dbwebb-kurser/mvc/me/report/tests/Game/CardHandTest.php" line="15" class="App\Game\CardHandTest" classname="App.Game.CardHandTest" assertions="2" time="0.001449"/>
        <testcase name="testCardHandGetTotalValue" file="/home/elk/code/dbwebb-kurser/mvc/me/report/tests/Game/CardHandTest.php" line="24" class="App\Game\CardHandTest" classname="App.Game.CardHandTest" assertions="2" time="0.001284"/>
        <testcase name="testCardHandAceIs11" file="/home/elk/code/dbwebb-kurser/mvc/me/report/tests/Game/CardHandTest.php" line="36" class="App\Game\CardHandTest" classname="App.Game.CardHandTest" assertions="1" time="0.001242"/>
        <testcase name="testCardHandTotalValueWithoutFaceDownCards" file="/home/elk/code/dbwebb-kurser/mvc/me/report/tests/Game/CardHandTest.php" line="44" class="App\Game\CardHandTest" classname="App.Game.CardHandTest" assertions="2" time="0.001306"/>
        <testcase name="testCardHandGetTotalValueWithFaceDownCards" file="/home/elk/code/dbwebb-kurser/mvc/me/report/tests/Game/CardHandTest.php" line="55" class="App\Game\CardHandTest" classname="App.Game.CardHandTest" assertions="4" time="0.001340"/>
        <testcase name="testCardHandAceIs1" file="/home/elk/code/dbwebb-kurser/mvc/me/report/tests/Game/CardHandTest.php" line="72" class="App\Game\CardHandTest" classname="App.Game.CardHandTest" assertions="1" time="0.001285"/>
        <testcase name="testCardHandTotalValueAces" file="/home/elk/code/dbwebb-kurser/mvc/me/report/tests/Game/CardHandTest.php" line="82" class="App\Game\CardHandTest" classname="App.Game.CardHandTest" assertions="4" time="0.001325"/>
        <testcase name="testCardHandHasBlackJack" file="/home/elk/code/dbwebb-kurser/mvc/me/report/tests/Game/CardHandTest.php" line="102" class="App\Game\CardHandTest" classname="App.Game.CardHandTest" assertions="3" time="0.001437"/>
        <testcase name="testCardHandGetJSONCards" file="/home/elk/code/dbwebb-kurser/mvc/me/report/tests/Game/CardHandTest.php" line="118" class="App\Game\CardHandTest" classname="App.Game.CardHandTest" assertions="1" time="0.001268"/>
      </testsuite>
      <testsuite name="App\Game\CardTest" file="/home/elk/code/dbwebb-kurser/mvc/me/report/tests/Game/CardTest.php" tests="10" assertions="21" errors="0" failures="0" skipped="0" time="0.012925">
        <testcase name="testCardInvalidSuit" file="/home/elk/code/dbwebb-kurser/mvc/me/report/tests/Game/CardTest.php" line="12" class="App\Game\CardTest" classname="App.Game.CardTest" assertions="1" time="0.001513"/>
        <testcase name="testCardInvalidValue" file="/home/elk/code/dbwebb-kurser/mvc/me/report/tests/Game/CardTest.php" line="18" class="App\Game\CardTest" classname="App.Game.CardTest" assertions="1" time="0.001259"/>
        <testcase name="testCardValid" file="/home/elk/code/dbwebb-kurser/mvc/me/report/tests/Game/CardTest.php" line="24" class="App\Game\CardTest" classname="App.Game.CardTest" assertions="3" time="0.001362"/>
        <testcase name="testCardIsFaceDown" file="/home/elk/code/dbwebb-kurser/mvc/me/report/tests/Game/CardTest.php" line="32" class="App\Game\CardTest" classname="App.Game.CardTest" assertions="2" time="0.001235"/>
        <testcase name="testCardGetSuits" file="/home/elk/code/dbwebb-kurser/mvc/me/report/tests/Game/CardTest.php" line="40" class="App\Game\CardTest" classname="App.Game.CardTest" assertions="5" time="0.001413"/>
        <testcase name="testCardGetValues" file="/home/elk/code/dbwebb-kurser/mvc/me/report/tests/Game/CardTest.php" line="51" class="App\Game\CardTest" classname="App.Game.CardTest" assertions="3" time="0.001246"/>
        <testcase name="testCardGetCard" file="/home/elk/code/dbwebb-kurser/mvc/me/report/tests/Game/CardTest.php" line="60" class="App\Game\CardTest" classname="App.Game.CardTest" assertions="3" time="0.001233"/>
        <testcase name="testCardSuits" file="/home/elk/code/dbwebb-kurser/mvc/me/report/tests/Game/CardTest.php" line="68" class="App\Game\CardTest" classname="App.Game.CardTest" assertions="1" time="0.001200"/>
        <testcase name="testCardValues" file="/home/elk/code/dbwebb-kurser/mvc/me/report/tests/Game/CardTest.php" line="75" class="App\Game\CardTest" classname="App.Game.CardTest" assertions="1" time="0.001243"/>
        <testcase name="testGetSuitFaceDown" file="/home/elk/code/dbwebb-kurser/mvc/me/report/tests/Game/CardTest.php" line="82" class="App\Game\CardTest" classname="App.Game.CardTest" assertions="1" time="0.001222"/>
      </testsuite>
      <testsuite name="App\Game\DealerActionsTest" file="/home/elk/code/dbwebb-kurser/mvc/me/report/tests/Game/DealerActionsTest.php" tests="3" assertions="3" errors="0" failures="0" skipped="0" time="0.004136">
        <testcase name="testDealerActions" file="/home/elk/code/dbwebb-kurser/mvc/me/report/tests/Game/DealerActionsTest.php" line="11" class="App\Game\DealerActionsTest" classname="App.Game.DealerActionsTest" assertions="1" time="0.001248"/>
        <testcase name="testDealerActionsPlayStand" file="/home/elk/code/dbwebb-kurser/mvc/me/report/tests/Game/DealerActionsTest.php" line="17" class="App\Game\DealerActionsTest" classname="App.Game.DealerActionsTest" assertions="1" time="0.001554"/>
        <testcase name="testDealerActionsPlayHit" file="/home/elk/code/dbwebb-kurser/mvc/me/report/tests/Game/DealerActionsTest.php" line="30" class="App\Game\DealerActionsTest" classname="App.Game.DealerActionsTest" assertions="1" time="0.001334"/>
      </testsuite>
      <testsuite name="App\Game\DeckOfCardsTest" file="/home/elk/code/dbwebb-kurser/mvc/me/report/tests/Game/DeckOfCardsTest.php" tests="13" assertions="23" errors="0" failures="0" skipped="0" time="0.034216">
        <testcase name="testDeckOfCards" file="/home/elk/code/dbwebb-kurser/mvc/me/report/tests/Game/DeckOfCardsTest.php" line="13" class="App\Game\DeckOfCardsTest" classname="App.Game.DeckOfCardsTest" assertions="1" time="0.001432"/>
        <testcase name="testDeckOfCardsEquals52Cards" file="/home/elk/code/dbwebb-kurser/mvc/me/report/tests/Game/DeckOfCardsTest.php" line="19" class="App\Game\DeckOfCardsTest" classname="App.Game.DeckOfCardsTest" assertions="3" time="0.001655"/>
        <testcase name="testDeckOfCardsWithArgs2Cards" file="/home/elk/code/dbwebb-kurser/mvc/me/report/tests/Game/DeckOfCardsTest.php" line="27" class="App\Game\DeckOfCardsTest" classname="App.Game.DeckOfCardsTest" assertions="3" time="0.001273"/>
        <testcase name="testDeckOfCardsDrawCard" file="/home/elk/code/dbwebb-kurser/mvc/me/report/tests/Game/DeckOfCardsTest.php" line="36" class="App\Game\DeckOfCardsTest" classname="App.Game.DeckOfCardsTest" assertions="2" time="0.001443"/>
        <testcase name="testDeckOfCardsEmpty" file="/home/elk/code/dbwebb-kurser/mvc/me/report/tests/Game/DeckOfCardsTest.php" line="44" class="App\Game\DeckOfCardsTest" classname="App.Game.DeckOfCardsTest" assertions="5" time="0.001374"/>
        <testcase name="testDeckOfCardsShuffle" file="/home/elk/code/dbwebb-kurser/mvc/me/report/tests/Game/DeckOfCardsTest.php" line="54" class="App\Game\DeckOfCardsTest" classname="App.Game.DeckOfCardsTest" assertions="1" time="0.007115"/>
        <testcase name="testDeckOfCardsShuffleWhen1Card" file="/home/elk/code/dbwebb-kurser/mvc/me/report/tests/Game/DeckOfCardsTest.php" line="62" class="App\Game\DeckOfCardsTest" classname="App.Game.DeckOfCardsTest" assertions="1" time="0.001282"/>
        <testcase name="testDeckOfCardsShuffleWhenEmpty" file="/home/elk/code/dbwebb-kurser/mvc/me/report/tests/Game/DeckOfCardsTest.php" line="70" class="App\Game\DeckOfCardsTest" classname="App.Game.DeckOfCardsTest" assertions="1" time="0.001225"/>
        <testcase name="testDeckOfCardsSort" file="/home/elk/code/dbwebb-kurser/mvc/me/report/tests/Game/DeckOfCardsTest.php" line="77" class="App\Game\DeckOfCardsTest" classname="App.Game.DeckOfCardsTest" assertions="2" time="0.011728"/>
        <testcase name="testDeckOfCardsSortNothing" file="/home/elk/code/dbwebb-kurser/mvc/me/report/tests/Game/DeckOfCardsTest.php" line="90" class="App\Game\DeckOfCardsTest" classname="App.Game.DeckOfCardsTest" assertions="1" time="0.001316"/>
        <testcase name="testDeckOfCardsGetJSONDeck" file="/home/elk/code/dbwebb-kurser/mvc/me/report/tests/Game/DeckOfCardsTest.php" line="97" class="App\Game\DeckOfCardsTest" classname="App.Game.DeckOfCardsTest" assertions="1" time="0.001544"/>
        <testcase name="testDeckOfCardsGetJSONDeckNoCards" file="/home/elk/code/dbwebb-kurser/mvc/me/report/tests/Game/DeckOfCardsTest.php" line="104" class="App\Game\DeckOfCardsTest" classname="App.Game.DeckOfCardsTest" assertions="1" time="0.001243"/>
        <testcase name="testDeckOfCardsToString" file="/home/elk/code/dbwebb-kurser/mvc/me/report/tests/Game/DeckOfCardsTest.php" line="111" class="App\Game\DeckOfCardsTest" classname="App.Game.DeckOfCardsTest" assertions="1" time="0.001586"/>
      </testsuite>
      <testsuite name="App\Game\GameTest" file="/home/elk/code/dbwebb-kurser/mvc/me/report/tests/Game/GameTest.php" tests="16" assertions="31" errors="0" failures="0" skipped="0" time="0.026363">
        <testcase name="testGame" file="/home/elk/code/dbwebb-kurser/mvc/me/report/tests/Game/GameTest.php" line="17" class="App\Game\GameTest" classname="App.Game.GameTest" assertions="1" time="0.001506"/>
        <testcase name="testGameStartGame" file="/home/elk/code/dbwebb-kurser/mvc/me/report/tests/Game/GameTest.php" line="23" class="App\Game\GameTest" classname="App.Game.GameTest" assertions="6" time="0.001583"/>
        <testcase name="testGameIsDoneFalse" file="/home/elk/code/dbwebb-kurser/mvc/me/report/tests/Game/GameTest.php" line="40" class="App\Game\GameTest" classname="App.Game.GameTest" assertions="1" time="0.001558"/>
        <testcase name="testGameIsDoneTrue" file="/home/elk/code/dbwebb-kurser/mvc/me/report/tests/Game/GameTest.php" line="51" class="App\Game\GameTest" classname="App.Game.GameTest" assertions="1" time="0.001651"/>
        <testcase name="testGameGetState" file="/home/elk/code/dbwebb-kurser/mvc/me/report/tests/Game/GameTest.php" line="59" class="App\Game\GameTest" classname="App.Game.GameTest" assertions="1" time="0.001623"/>
        <testcase name="testGetGameMessage" file="/home/elk/code/dbwebb-kurser/mvc/me/report/tests/Game/GameTest.php" line="67" class="App\Game\GameTest" classname="App.Game.GameTest" assertions="11" time="0.001581"/>
        <testcase name="testGameAfterFlopStateBlackjackPush" file="/home/elk/code/dbwebb-kurser/mvc/me/report/tests/Game/GameTest.php" line="107" class="App\Game\GameTest" classname="App.Game.GameTest" assertions="1" time="0.001573"/>
        <testcase name="testGameAfterFlopStateDealerBlackjack" file="/home/elk/code/dbwebb-kurser/mvc/me/report/tests/Game/GameTest.php" line="120" class="App\Game\GameTest" classname="App.Game.GameTest" assertions="1" time="0.001528"/>
        <testcase name="testGameAfterFlopStatePlayerBlackjack" file="/home/elk/code/dbwebb-kurser/mvc/me/report/tests/Game/GameTest.php" line="134" class="App\Game\GameTest" classname="App.Game.GameTest" assertions="1" time="0.001599"/>
        <testcase name="testGameAfterGameStatePlayerBusted" file="/home/elk/code/dbwebb-kurser/mvc/me/report/tests/Game/GameTest.php" line="148" class="App\Game\GameTest" classname="App.Game.GameTest" assertions="1" time="0.001575"/>
        <testcase name="testGameAfterGameStateDealerBusted" file="/home/elk/code/dbwebb-kurser/mvc/me/report/tests/Game/GameTest.php" line="162" class="App\Game\GameTest" classname="App.Game.GameTest" assertions="1" time="0.001706"/>
        <testcase name="testGameAfterGameStatePush" file="/home/elk/code/dbwebb-kurser/mvc/me/report/tests/Game/GameTest.php" line="176" class="App\Game\GameTest" classname="App.Game.GameTest" assertions="1" time="0.001660"/>
        <testcase name="testGameAfterGameStatePlayerWin" file="/home/elk/code/dbwebb-kurser/mvc/me/report/tests/Game/GameTest.php" line="190" class="App\Game\GameTest" classname="App.Game.GameTest" assertions="1" time="0.001716"/>
        <testcase name="testGameAfterGameStateDealerWin" file="/home/elk/code/dbwebb-kurser/mvc/me/report/tests/Game/GameTest.php" line="204" class="App\Game\GameTest" classname="App.Game.GameTest" assertions="1" time="0.001784"/>
        <testcase name="testGameToString" file="/home/elk/code/dbwebb-kurser/mvc/me/report/tests/Game/GameTest.php" line="218" class="App\Game\GameTest" classname="App.Game.GameTest" assertions="1" time="0.001781"/>
        <testcase name="testGameResult" file="/home/elk/code/dbwebb-kurser/mvc/me/report/tests/Game/GameTest.php" line="225" class="App\Game\GameTest" classname="App.Game.GameTest" assertions="1" time="0.001939"/>
      </testsuite>
    </testsuite>
  </testsuite>
</testsuites>
