<?xml version="1.0" encoding="UTF-8"?>
<testsuites>
  <testsuite name="/home/elk/code/dbwebb-kurser/mvc/me/report/phpunit.xml" tests="57" assertions="106" errors="0" failures="0" skipped="0" time="0.581210">
    <testsuite name="all" tests="57" assertions="106" errors="0" failures="0" skipped="0" time="0.581210">
      <testsuite name="App\Tests\Controller\AboutControllerTest" file="/home/elk/code/dbwebb-kurser/mvc/me/report/tests/Controller/AboutControllerTest.php" tests="1" assertions="1" errors="0" failures="0" skipped="0" time="0.408594">
        <testcase name="testAboutPage" file="/home/elk/code/dbwebb-kurser/mvc/me/report/tests/Controller/AboutControllerTest.php" line="10" class="App\Tests\Controller\AboutControllerTest" classname="App.Tests.Controller.AboutControllerTest" assertions="1" time="0.408594"/>
      </testsuite>
      <testsuite name="App\Tests\Controller\LuckyControllersTest" file="/home/elk/code/dbwebb-kurser/mvc/me/report/tests/Controller/LuckyControllersTest.php" tests="2" assertions="3" errors="0" failures="0" skipped="0" time="0.028509">
        <testcase name="testLuckyHtml" file="/home/elk/code/dbwebb-kurser/mvc/me/report/tests/Controller/LuckyControllersTest.php" line="11" class="App\Tests\Controller\LuckyControllersTest" classname="App.Tests.Controller.LuckyControllersTest" assertions="1" time="0.019915"/>
        <testcase name="testLuckyApiJson" file="/home/elk/code/dbwebb-kurser/mvc/me/report/tests/Controller/LuckyControllersTest.php" line="24" class="App\Tests\Controller\LuckyControllersTest" classname="App.Tests.Controller.LuckyControllersTest" assertions="2" time="0.008594"/>
      </testsuite>
      <testsuite name="App\Tests\Controller\SessionControllerTest" file="/home/elk/code/dbwebb-kurser/mvc/me/report/tests/Controller/SessionControllerTest.php" tests="1" assertions="2" errors="0" failures="0" skipped="0" time="0.042200">
        <testcase name="testSessionViewAndDelete" file="/home/elk/code/dbwebb-kurser/mvc/me/report/tests/Controller/SessionControllerTest.php" line="12" class="App\Tests\Controller\SessionControllerTest" classname="App.Tests.Controller.SessionControllerTest" assertions="2" time="0.042200"/>
      </testsuite>
      <testsuite name="App\Game\CardGraphicTest" file="/home/elk/code/dbwebb-kurser/mvc/me/report/tests/Game/CardGraphicTest.php" tests="1" assertions="1" errors="0" failures="0" skipped="0" time="0.003020">
        <testcase name="testCardGraphicGetUnicodeCardIsFaceDown" file="/home/elk/code/dbwebb-kurser/mvc/me/report/tests/Game/CardGraphicTest.php" line="17" class="App\Game\CardGraphicTest" classname="App.Game.CardGraphicTest" assertions="1" time="0.003020"/>
      </testsuite>
      <testsuite name="App\Game\CardHandTest" file="/home/elk/code/dbwebb-kurser/mvc/me/report/tests/Game/CardHandTest.php" tests="10" assertions="21" errors="0" failures="0" skipped="0" time="0.016705">
        <testcase name="testCardHandNoArgsIsEmptyArray" file="/home/elk/code/dbwebb-kurser/mvc/me/report/tests/Game/CardHandTest.php" line="9" class="App\Game\CardHandTest" classname="App.Game.CardHandTest" assertions="1" time="0.003948"/>
        <testcase name="testCardHandAddCard" file="/home/elk/code/dbwebb-kurser/mvc/me/report/tests/Game/CardHandTest.php" line="15" class="App\Game\CardHandTest" classname="App.Game.CardHandTest" assertions="2" time="0.001484"/>
        <testcase name="testCardHandGetTotalValue" file="/home/elk/code/dbwebb-kurser/mvc/me/report/tests/Game/CardHandTest.php" line="24" class="App\Game\CardHandTest" classname="App.Game.CardHandTest" assertions="2" time="0.001330"/>
        <testcase name="testCardHandAceIs11" file="/home/elk/code/dbwebb-kurser/mvc/me/report/tests/Game/CardHandTest.php" line="36" class="App\Game\CardHandTest" classname="App.Game.CardHandTest" assertions="1" time="0.001368"/>
        <testcase name="testCardHandTotalValueWithoutFaceDownCards" file="/home/elk/code/dbwebb-kurser/mvc/me/report/tests/Game/CardHandTest.php" line="44" class="App\Game\CardHandTest" classname="App.Game.CardHandTest" assertions="2" time="0.001439"/>
        <testcase name="testCardHandGetTotalValueWithFaceDownCards" file="/home/elk/code/dbwebb-kurser/mvc/me/report/tests/Game/CardHandTest.php" line="55" class="App\Game\CardHandTest" classname="App.Game.CardHandTest" assertions="4" time="0.001474"/>
        <testcase name="testCardHandAceIs1" file="/home/elk/code/dbwebb-kurser/mvc/me/report/tests/Game/CardHandTest.php" line="72" class="App\Game\CardHandTest" classname="App.Game.CardHandTest" assertions="1" time="0.001271"/>
        <testcase name="testCardHandTotalValueAces" file="/home/elk/code/dbwebb-kurser/mvc/me/report/tests/Game/CardHandTest.php" line="82" class="App\Game\CardHandTest" classname="App.Game.CardHandTest" assertions="4" time="0.001306"/>
        <testcase name="testCardHandHasBlackJack" file="/home/elk/code/dbwebb-kurser/mvc/me/report/tests/Game/CardHandTest.php" line="102" class="App\Game\CardHandTest" classname="App.Game.CardHandTest" assertions="3" time="0.001551"/>
        <testcase name="testCardHandGetJSONCards" file="/home/elk/code/dbwebb-kurser/mvc/me/report/tests/Game/CardHandTest.php" line="118" class="App\Game\CardHandTest" classname="App.Game.CardHandTest" assertions="1" time="0.001535"/>
      </testsuite>
      <testsuite name="App\Game\CardTest" file="/home/elk/code/dbwebb-kurser/mvc/me/report/tests/Game/CardTest.php" tests="10" assertions="21" errors="0" failures="0" skipped="0" time="0.013957">
        <testcase name="testCardInvalidSuit" file="/home/elk/code/dbwebb-kurser/mvc/me/report/tests/Game/CardTest.php" line="12" class="App\Game\CardTest" classname="App.Game.CardTest" assertions="1" time="0.001566"/>
        <testcase name="testCardInvalidValue" file="/home/elk/code/dbwebb-kurser/mvc/me/report/tests/Game/CardTest.php" line="18" class="App\Game\CardTest" classname="App.Game.CardTest" assertions="1" time="0.001353"/>
        <testcase name="testCardValid" file="/home/elk/code/dbwebb-kurser/mvc/me/report/tests/Game/CardTest.php" line="24" class="App\Game\CardTest" classname="App.Game.CardTest" assertions="3" time="0.001511"/>
        <testcase name="testCardIsFaceDown" file="/home/elk/code/dbwebb-kurser/mvc/me/report/tests/Game/CardTest.php" line="32" class="App\Game\CardTest" classname="App.Game.CardTest" assertions="2" time="0.001438"/>
        <testcase name="testCardGetSuits" file="/home/elk/code/dbwebb-kurser/mvc/me/report/tests/Game/CardTest.php" line="40" class="App\Game\CardTest" classname="App.Game.CardTest" assertions="5" time="0.001550"/>
        <testcase name="testCardGetValues" file="/home/elk/code/dbwebb-kurser/mvc/me/report/tests/Game/CardTest.php" line="51" class="App\Game\CardTest" classname="App.Game.CardTest" assertions="3" time="0.001369"/>
        <testcase name="testCardGetCard" file="/home/elk/code/dbwebb-kurser/mvc/me/report/tests/Game/CardTest.php" line="60" class="App\Game\CardTest" classname="App.Game.CardTest" assertions="3" time="0.001349"/>
        <testcase name="testCardSuits" file="/home/elk/code/dbwebb-kurser/mvc/me/report/tests/Game/CardTest.php" line="68" class="App\Game\CardTest" classname="App.Game.CardTest" assertions="1" time="0.001341"/>
        <testcase name="testCardValues" file="/home/elk/code/dbwebb-kurser/mvc/me/report/tests/Game/CardTest.php" line="75" class="App\Game\CardTest" classname="App.Game.CardTest" assertions="1" time="0.001258"/>
        <testcase name="testGetSuitFaceDown" file="/home/elk/code/dbwebb-kurser/mvc/me/report/tests/Game/CardTest.php" line="82" class="App\Game\CardTest" classname="App.Game.CardTest" assertions="1" time="0.001223"/>
      </testsuite>
      <testsuite name="App\Game\DealerActionsTest" file="/home/elk/code/dbwebb-kurser/mvc/me/report/tests/Game/DealerActionsTest.php" tests="3" assertions="3" errors="0" failures="0" skipped="0" time="0.006466">
        <testcase name="testDealerActions" file="/home/elk/code/dbwebb-kurser/mvc/me/report/tests/Game/DealerActionsTest.php" line="11" class="App\Game\DealerActionsTest" classname="App.Game.DealerActionsTest" assertions="1" time="0.002717"/>
        <testcase name="testDealerActionsPlayStand" file="/home/elk/code/dbwebb-kurser/mvc/me/report/tests/Game/DealerActionsTest.php" line="17" class="App\Game\DealerActionsTest" classname="App.Game.DealerActionsTest" assertions="1" time="0.002224"/>
        <testcase name="testDealerActionsPlayHit" file="/home/elk/code/dbwebb-kurser/mvc/me/report/tests/Game/DealerActionsTest.php" line="30" class="App\Game\DealerActionsTest" classname="App.Game.DealerActionsTest" assertions="1" time="0.001525"/>
      </testsuite>
      <testsuite name="App\Game\DeckOfCardsTest" file="/home/elk/code/dbwebb-kurser/mvc/me/report/tests/Game/DeckOfCardsTest.php" tests="13" assertions="23" errors="0" failures="0" skipped="0" time="0.035306">
        <testcase name="testDeckOfCards" file="/home/elk/code/dbwebb-kurser/mvc/me/report/tests/Game/DeckOfCardsTest.php" line="13" class="App\Game\DeckOfCardsTest" classname="App.Game.DeckOfCardsTest" assertions="1" time="0.001621"/>
        <testcase name="testDeckOfCardsEquals52Cards" file="/home/elk/code/dbwebb-kurser/mvc/me/report/tests/Game/DeckOfCardsTest.php" line="19" class="App\Game\DeckOfCardsTest" classname="App.Game.DeckOfCardsTest" assertions="3" time="0.001748"/>
        <testcase name="testDeckOfCardsWithArgs2Cards" file="/home/elk/code/dbwebb-kurser/mvc/me/report/tests/Game/DeckOfCardsTest.php" line="27" class="App\Game\DeckOfCardsTest" classname="App.Game.DeckOfCardsTest" assertions="3" time="0.001324"/>
        <testcase name="testDeckOfCardsDrawCard" file="/home/elk/code/dbwebb-kurser/mvc/me/report/tests/Game/DeckOfCardsTest.php" line="36" class="App\Game\DeckOfCardsTest" classname="App.Game.DeckOfCardsTest" assertions="2" time="0.001674"/>
        <testcase name="testDeckOfCardsEmpty" file="/home/elk/code/dbwebb-kurser/mvc/me/report/tests/Game/DeckOfCardsTest.php" line="44" class="App\Game\DeckOfCardsTest" classname="App.Game.DeckOfCardsTest" assertions="5" time="0.001410"/>
        <testcase name="testDeckOfCardsShuffle" file="/home/elk/code/dbwebb-kurser/mvc/me/report/tests/Game/DeckOfCardsTest.php" line="54" class="App\Game\DeckOfCardsTest" classname="App.Game.DeckOfCardsTest" assertions="1" time="0.007083"/>
        <testcase name="testDeckOfCardsShuffleWhen1Card" file="/home/elk/code/dbwebb-kurser/mvc/me/report/tests/Game/DeckOfCardsTest.php" line="62" class="App\Game\DeckOfCardsTest" classname="App.Game.DeckOfCardsTest" assertions="1" time="0.001279"/>
        <testcase name="testDeckOfCardsShuffleWhenEmpty" file="/home/elk/code/dbwebb-kurser/mvc/me/report/tests/Game/DeckOfCardsTest.php" line="70" class="App\Game\DeckOfCardsTest" classname="App.Game.DeckOfCardsTest" assertions="1" time="0.001216"/>
        <testcase name="testDeckOfCardsSort" file="/home/elk/code/dbwebb-kurser/mvc/me/report/tests/Game/DeckOfCardsTest.php" line="77" class="App\Game\DeckOfCardsTest" classname="App.Game.DeckOfCardsTest" assertions="2" time="0.012149"/>
        <testcase name="testDeckOfCardsSortNothing" file="/home/elk/code/dbwebb-kurser/mvc/me/report/tests/Game/DeckOfCardsTest.php" line="90" class="App\Game\DeckOfCardsTest" classname="App.Game.DeckOfCardsTest" assertions="1" time="0.001264"/>
        <testcase name="testDeckOfCardsGetJSONDeck" file="/home/elk/code/dbwebb-kurser/mvc/me/report/tests/Game/DeckOfCardsTest.php" line="97" class="App\Game\DeckOfCardsTest" classname="App.Game.DeckOfCardsTest" assertions="1" time="0.001760"/>
        <testcase name="testDeckOfCardsGetJSONDeckNoCards" file="/home/elk/code/dbwebb-kurser/mvc/me/report/tests/Game/DeckOfCardsTest.php" line="104" class="App\Game\DeckOfCardsTest" classname="App.Game.DeckOfCardsTest" assertions="1" time="0.001242"/>
        <testcase name="testDeckOfCardsToString" file="/home/elk/code/dbwebb-kurser/mvc/me/report/tests/Game/DeckOfCardsTest.php" line="111" class="App\Game\DeckOfCardsTest" classname="App.Game.DeckOfCardsTest" assertions="1" time="0.001536"/>
      </testsuite>
      <testsuite name="App\Game\GameTest" file="/home/elk/code/dbwebb-kurser/mvc/me/report/tests/Game/GameTest.php" tests="16" assertions="31" errors="0" failures="0" skipped="0" time="0.026453">
        <testcase name="testGame" file="/home/elk/code/dbwebb-kurser/mvc/me/report/tests/Game/GameTest.php" line="17" class="App\Game\GameTest" classname="App.Game.GameTest" assertions="1" time="0.002623"/>
        <testcase name="testGameStartGame" file="/home/elk/code/dbwebb-kurser/mvc/me/report/tests/Game/GameTest.php" line="23" class="App\Game\GameTest" classname="App.Game.GameTest" assertions="6" time="0.001700"/>
        <testcase name="testGameIsDoneFalse" file="/home/elk/code/dbwebb-kurser/mvc/me/report/tests/Game/GameTest.php" line="40" class="App\Game\GameTest" classname="App.Game.GameTest" assertions="1" time="0.001549"/>
        <testcase name="testGameIsDoneTrue" file="/home/elk/code/dbwebb-kurser/mvc/me/report/tests/Game/GameTest.php" line="51" class="App\Game\GameTest" classname="App.Game.GameTest" assertions="1" time="0.001725"/>
        <testcase name="testGameGetState" file="/home/elk/code/dbwebb-kurser/mvc/me/report/tests/Game/GameTest.php" line="59" class="App\Game\GameTest" classname="App.Game.GameTest" assertions="1" time="0.001579"/>
        <testcase name="testGetGameMessage" file="/home/elk/code/dbwebb-kurser/mvc/me/report/tests/Game/GameTest.php" line="67" class="App\Game\GameTest" classname="App.Game.GameTest" assertions="11" time="0.001585"/>
        <testcase name="testGameAfterFlopStateBlackjackPush" file="/home/elk/code/dbwebb-kurser/mvc/me/report/tests/Game/GameTest.php" line="107" class="App\Game\GameTest" classname="App.Game.GameTest" assertions="1" time="0.001509"/>
        <testcase name="testGameAfterFlopStateDealerBlackjack" file="/home/elk/code/dbwebb-kurser/mvc/me/report/tests/Game/GameTest.php" line="120" class="App\Game\GameTest" classname="App.Game.GameTest" assertions="1" time="0.001539"/>
        <testcase name="testGameAfterFlopStatePlayerBlackjack" file="/home/elk/code/dbwebb-kurser/mvc/me/report/tests/Game/GameTest.php" line="134" class="App\Game\GameTest" classname="App.Game.GameTest" assertions="1" time="0.001507"/>
        <testcase name="testGameAfterGameStatePlayerBusted" file="/home/elk/code/dbwebb-kurser/mvc/me/report/tests/Game/GameTest.php" line="148" class="App\Game\GameTest" classname="App.Game.GameTest" assertions="1" time="0.001581"/>
        <testcase name="testGameAfterGameStateDealerBusted" file="/home/elk/code/dbwebb-kurser/mvc/me/report/tests/Game/GameTest.php" line="162" class="App\Game\GameTest" classname="App.Game.GameTest" assertions="1" time="0.001606"/>
        <testcase name="testGameAfterGameStatePush" file="/home/elk/code/dbwebb-kurser/mvc/me/report/tests/Game/GameTest.php" line="176" class="App\Game\GameTest" classname="App.Game.GameTest" assertions="1" time="0.001605"/>
        <testcase name="testGameAfterGameStatePlayerWin" file="/home/elk/code/dbwebb-kurser/mvc/me/report/tests/Game/GameTest.php" line="190" class="App\Game\GameTest" classname="App.Game.GameTest" assertions="1" time="0.001637"/>
        <testcase name="testGameAfterGameStateDealerWin" file="/home/elk/code/dbwebb-kurser/mvc/me/report/tests/Game/GameTest.php" line="204" class="App\Game\GameTest" classname="App.Game.GameTest" assertions="1" time="0.001721"/>
        <testcase name="testGameToString" file="/home/elk/code/dbwebb-kurser/mvc/me/report/tests/Game/GameTest.php" line="218" class="App\Game\GameTest" classname="App.Game.GameTest" assertions="1" time="0.001540"/>
        <testcase name="testGameResult" file="/home/elk/code/dbwebb-kurser/mvc/me/report/tests/Game/GameTest.php" line="225" class="App\Game\GameTest" classname="App.Game.GameTest" assertions="1" time="0.001447"/>
      </testsuite>
    </testsuite>
  </testsuite>
</testsuites>
